{
  "stats": {
    "suites": 3,
    "tests": 4,
    "passes": 4,
    "pending": 0,
    "failures": 0,
    "start": "2023-10-23T16:29:52.279Z",
    "end": "2023-10-23T16:30:24.348Z",
    "duration": 32069,
    "testsRegistered": 4,
    "passPercent": 100,
    "pendingPercent": 0,
    "other": 0,
    "hasOther": false,
    "skipped": 0,
    "hasSkipped": false
  },
  "results": [
    {
      "uuid": "d6826c31-0c40-41fb-b796-273fedb59f64",
      "title": "",
      "fullFile": "cypress\\e2e\\automationpractice.cy.js",
      "file": "cypress\\e2e\\automationpractice.cy.js",
      "beforeHooks": [],
      "afterHooks": [],
      "tests": [],
      "suites": [
        {
          "uuid": "5ad980b8-1171-4205-9269-f02d84ad0a88",
          "title": "Signup",
          "fullFile": "",
          "file": "",
          "beforeHooks": [],
          "afterHooks": [],
          "tests": [
            {
              "title": "should test signup functionality",
              "fullTitle": "Signup should test signup functionality",
              "timedOut": null,
              "duration": 12979,
              "state": "passed",
              "speed": "slow",
              "pass": true,
              "fail": false,
              "pending": false,
              "context": null,
              "code": "// Visiting the signup page and filling the signup form\ncy.customeVisit(\"http://www.automationpractice.pl/index.php?controller=authentication&back=my-account\");\nlet userData = signup.fillSigupForm();\nemail = userData.email.toLowerCase();\npassword = userData.password;\n// Clicking the My Profile button and saving local storage\nheader.myProfileButtonButton().should(\"be.visible\").click();\ncy.saveLocalStorage();",
              "err": {},
              "uuid": "d8221129-f024-4ceb-834a-616513ec7071",
              "parentUUID": "5ad980b8-1171-4205-9269-f02d84ad0a88",
              "isHook": false,
              "skipped": false
            }
          ],
          "suites": [],
          "passes": [
            "d8221129-f024-4ceb-834a-616513ec7071"
          ],
          "failures": [],
          "pending": [],
          "skipped": [],
          "duration": 12979,
          "root": false,
          "rootEmpty": false,
          "_timeout": 2000
        },
        {
          "uuid": "7b0ef5ae-676b-49a0-95f0-6ba072aab8fc",
          "title": "Login",
          "fullFile": "",
          "file": "",
          "beforeHooks": [],
          "afterHooks": [],
          "tests": [
            {
              "title": "should sign in with wrong data",
              "fullTitle": "Login should sign in with wrong data",
              "timedOut": null,
              "duration": 1667,
              "state": "passed",
              "speed": "fast",
              "pass": true,
              "fail": false,
              "pending": false,
              "context": null,
              "code": "// Visiting the login page and attempting login with incorrect credentials\ncy.customeVisit(\"http://www.automationpractice.pl/index.php?controller=authentication&back=my-account\");\nlogin.fillSignForm(\"wrong@mail.com\", \"worng\");\ncy.wait(\"@userInfo\").then(intercept => {\n  // Verifying the response status and error message\n  expect(intercept.response.statusCode).to.eq(200);\n  login.alert().then(el => {\n    expect(el.text()).to.contain(\"Authentication failed\");\n  });\n});",
              "err": {},
              "uuid": "29f1b511-b001-4578-a5c5-12bb4543fb1c",
              "parentUUID": "7b0ef5ae-676b-49a0-95f0-6ba072aab8fc",
              "isHook": false,
              "skipped": false
            },
            {
              "title": "should sign in",
              "fullTitle": "Login should sign in",
              "timedOut": null,
              "duration": 1719,
              "state": "passed",
              "speed": "fast",
              "pass": true,
              "fail": false,
              "pending": false,
              "context": null,
              "code": "// Visiting the login page and logging in with correct credentials\ncy.customeVisit(\"http://www.automationpractice.pl/index.php?controller=authentication&back=my-account\");\nlogin.fillSignForm(email, password);\ncy.wait(\"@userInfo\").then(intercept => {\n  // Verifying the response status after successful login\n  expect(intercept.response.statusCode).to.eq(302);\n});\nheader.myProfileButtonButton().should(\"be.visible\");",
              "err": {},
              "uuid": "cb419ab2-6caf-4c40-ae1f-42afe2f80f9a",
              "parentUUID": "7b0ef5ae-676b-49a0-95f0-6ba072aab8fc",
              "isHook": false,
              "skipped": false
            }
          ],
          "suites": [],
          "passes": [
            "29f1b511-b001-4578-a5c5-12bb4543fb1c",
            "cb419ab2-6caf-4c40-ae1f-42afe2f80f9a"
          ],
          "failures": [],
          "pending": [],
          "skipped": [],
          "duration": 3386,
          "root": false,
          "rootEmpty": false,
          "_timeout": 2000
        },
        {
          "uuid": "8a04deba-db6b-417e-8f52-ece685ed4198",
          "title": "Buy",
          "fullFile": "",
          "file": "",
          "beforeHooks": [],
          "afterHooks": [],
          "tests": [
            {
              "title": "should test the checkout flow",
              "fullTitle": "Buy should test the checkout flow",
              "timedOut": null,
              "duration": 15638,
              "state": "passed",
              "speed": "slow",
              "pass": true,
              "fail": false,
              "pending": false,
              "context": null,
              "code": "// Variables to store product prices\nlet priceDisplayed = 0;\n// Visiting a product page, adding it to the cart, and verifying prices\ncy.customeVisit(\"http://www.automationpractice.pl/index.php?id_product=1&controller=product\");\nproduct.addToCartButton().click();\nproduct.ourPriceDisplay().then(el => {\n  priceDisplayed = el.text();\n}).then(() => {\n  // Waiting for the cart layer to appear and verifying the product price\n  cy.wait(5000);\n  product.layerCartProductPrice().then(el => {\n    expect(el.text()).to.be.eq(priceDisplayed);\n  });\n}).then(() => {\n  // Proceeding to checkout and filling the address form\n  product.proceedToCheckout().click();\n  checkout.totalProductPrice().then(el => {\n    expect(el.text().replace(/(\\r\\n|\\n|\\r|\\t)/gm, \"\")).to.be.eq(priceDisplayed);\n  }).then(() => {\n    checkout.checkoutButton().click();\n  }).then(() => {\n    checkout.fillAddressForm();\n  });\n});",
              "err": {},
              "uuid": "d8f1b5b3-bc84-480d-bc5b-48256de7f35c",
              "parentUUID": "8a04deba-db6b-417e-8f52-ece685ed4198",
              "isHook": false,
              "skipped": false
            }
          ],
          "suites": [],
          "passes": [
            "d8f1b5b3-bc84-480d-bc5b-48256de7f35c"
          ],
          "failures": [],
          "pending": [],
          "skipped": [],
          "duration": 15638,
          "root": false,
          "rootEmpty": false,
          "_timeout": 2000
        }
      ],
      "passes": [],
      "failures": [],
      "pending": [],
      "skipped": [],
      "duration": 0,
      "root": true,
      "rootEmpty": true,
      "_timeout": 2000
    }
  ],
  "meta": {
    "mocha": {
      "version": "7.0.1"
    },
    "mochawesome": {
      "options": {
        "quiet": false,
        "reportFilename": "mochawesome",
        "saveHtml": false,
        "saveJson": true,
        "consoleReporter": "spec",
        "useInlineDiffs": false,
        "code": true
      },
      "version": "7.1.3"
    },
    "marge": {
      "options": {
        "overwrite": false,
        "html": false,
        "json": true
      },
      "version": "6.2.0"
    }
  }
}